<?xml version="1.0" encoding="UTF-8"?>
<!-- Generated by org.testng.reporters.JUnitReportReporter -->
<testsuite hostname="ldnlpt2086" name="tests.GoogleSearchCR" tests="1" failures="0" timestamp="29 Nov 2013 13:46:49 GMT" time="14.345" errors="0">
  <testcase name="testDoGoogleSearch" time="14.345" classname="tests.GoogleSearchCR"/>
</testsuite> <!-- tests.GoogleSearchCR -->
