<?xml version="1.0" encoding="UTF-8"?>
<!-- Generated by org.testng.reporters.JUnitReportReporter -->
<testsuite hostname="ldnlpt2086" name="tests.GoogleSearchFF" tests="1" failures="0" timestamp="29 Nov 2013 13:20:23 GMT" time="23.709" errors="0">
  <testcase name="testDoGoogleSearch" time="23.709" classname="tests.GoogleSearchFF"/>
</testsuite> <!-- tests.GoogleSearchFF -->
