<?xml version="1.0" encoding="UTF-8"?>
<!-- Generated by org.testng.reporters.JUnitReportReporter -->
<testsuite hostname="ldnlpt2086" name="tests.GoogleSearchCR" tests="2" failures="0" timestamp="29 Nov 2013 14:43:31 GMT" time="16.359" errors="0">
  <testcase name="testDoGoogleSearch" time="9.052" classname="tests.GoogleSearchCR"/>
  <testcase name="testDoAnotherGoogleSearch" time="7.307" classname="tests.GoogleSearchCR"/>
</testsuite> <!-- tests.GoogleSearchCR -->
