<?xml version="1.0" encoding="UTF-8"?>
<!-- Generated by org.testng.reporters.JUnitReportReporter -->
<testsuite hostname="ldnlpt2086" name="b.GoogleSearchFF" tests="1" failures="0" timestamp="29 Nov 2013 11:53:46 GMT" time="12.373" errors="0">
  <testcase name="testDoGoogleSearch" time="12.373" classname="b.GoogleSearchFF"/>
</testsuite> <!-- b.GoogleSearchFF -->
