<?xml version="1.0" encoding="UTF-8"?>
<!-- Generated by org.testng.reporters.JUnitReportReporter -->
<testsuite hostname="ldnlpt2086" name="b.lsce" tests="1" failures="0" timestamp="25 Nov 2013 15:00:16 GMT" time="9.920" errors="0">
  <testcase name="test_AddNewProduct" time="9.920" classname="b.lsce"/>
</testsuite> <!-- b.lsce -->
