<?xml version="1.0" encoding="UTF-8"?>
<!-- Generated by org.testng.reporters.JUnitReportReporter -->
<testsuite hostname="ldnlpt2086" name="tests.GoogleSearchCR" tests="2" failures="0" timestamp="29 Nov 2013 14:58:03 GMT" time="13.784" errors="0">
  <testcase name="testDoAnotherGoogleSearch" time="6.109" classname="tests.GoogleSearchCR"/>
  <testcase name="testDoGoogleSearch" time="7.675" classname="tests.GoogleSearchCR"/>
</testsuite> <!-- tests.GoogleSearchCR -->
