<?xml version="1.0" encoding="UTF-8"?>
<!-- Generated by org.testng.reporters.JUnitReportReporter -->
<testsuite hostname="ldnlpt2086" name="b.Testlsce" tests="2" failures="0" timestamp="28 Nov 2013 17:03:12 GMT" time="25.424" errors="0">
  <testcase name="testAddNewProduct" time="15.912" classname="b.Testlsce"/>
  <testcase name="testdoasearch" time="9.512" classname="b.Testlsce"/>
</testsuite> <!-- b.Testlsce -->
